<?xml version="1.0" encoding="UTF-8"?>
<testng-results ignored="0" total="1" passed="1" failed="0" skipped="0">
  <reporter-output>
  </reporter-output>
  <suite started-at="2024-01-11T01:40:00 GMT" name="Default suite" finished-at="2024-01-11T01:40:04 GMT" duration-ms="4267">
    <groups>
    </groups>
    <test started-at="2024-01-11T01:40:00 GMT" name="Default test" finished-at="2024-01-11T01:40:04 GMT" duration-ms="4267">
      <class name="OAuth">
        <test-method signature="auth()[pri:0, instance:OAuth@31fa1761]" started-at="2024-01-11T01:40:00 GMT" name="auth" finished-at="2024-01-11T01:40:04 GMT" duration-ms="4229" status="PASS">
          <reporter-output>
          </reporter-output>
        </test-method> <!-- auth -->
      </class> <!-- OAuth -->
    </test> <!-- Default test -->
  </suite> <!-- Default suite -->
</testng-results>
